DICIONARIO 1 CRIADO
DICIONARIO 2 CRIADO
DICIONARIO 3 CRIADO
IMPOSSIVEL CRIAR
DICIONARIO 3 APAGADO
DICIONARIO 3 INEXISTENTE
DICIONARIO 3 INEXISTENTE
DICIONARIO 3 CRIADO
barata EXCLUIDA DE 3
jose INEXISTENTE EM 3
gafanhoto JA EXISTE EM 3
joao INSERIDA EM 3
a
da
do
dos
e
melhor
meu
nao
platelmintos
por
que
sabe
echinodermos 2
embriologia 2
amor 1
DICIONARIO 1 APAGADO
DICIONÁRIO INEXISTENTE
cultura
de
e
nao
pois
sabe
tem
artemio 2
jose 2
conta
e
ele
gabriel
guibas
isso
janio
lorota
mas
noia
parace
porque
quadros
so
tambem
a
barata
do
e
echinodermo
evolutivamente
inseto
mais
nao
o
pois
possui
protostomio
proximo
que
cigarra 2
anfioxo 1
deuterostomio 1
pedipalpo 1
anfioxo EXCLUIDA DE 3
protostomio INSERIDA EM 3
a
anfioxo
barata
do
e
echinodermo
evolutivamente
inseto
mais
nao
o
pois
possui
proximo
que
cigarra 2
deuterostomio 1
pedipalpo 1
protostomio 1
