DICIONARIO 1 CRIADO
DICIONARIO 2 CRIADO
DICIONARIO 3 CRIADO
IMPOSSIVEL CRIAR
DICIONARIO 3 APAGADO
DICIONARIO 3 INEXISTENTE
DICIONARIO 2 APAGADO
DICIONARIO 2 INEXISTENTE
daniel JA EXISTE EM 1
daniel EXCLUIDA DE 1
daniel INEXISTENTE EM 1
daniel INSERIDA EM 1
teste INSERIDA EM 1
whatever INSERIDA EM 1
IMPOSSIVEL INFORMAR 0 PALAVRAS MAIS FREQUENTES
IMPOSSIVEL INFORMAR -1 PALAVRAS MAIS FREQUENTES
DICIONÁRIO INEXISTENTE
a
comum
e
mais
palavra
segunda
ser
terceira
vai
daniel 2
carvalho 1
teste 1
aparecer
as
e
eu
maior
max
n
o
palavras
pedi
porque
possivel
que
vao
carvalho 1
daniel 1
teste 1
whatever 1
